<?xml version="1.0" encoding="UTF-8"?>
<!-- Generated by org.testng.reporters.JUnitXMLReporter -->
<testsuite hostname="DESKTOP-TBQOJQQ" ignored="0" name="Default test" tests="10" failures="0" timestamp="15 Feb 2019 17:07:08 GMT" time="70.468" errors="0">
  <testcase name="TestAUT" time="5.974" classname="module9.DDT"/>
  <testcase name="TestAUT" time="6.026" classname="module9.DDT"/>
  <testcase name="TestAUT" time="5.609" classname="module9.DDT"/>
  <testcase name="TestAUT" time="5.635" classname="module9.DDT"/>
  <testcase name="TestAUT" time="5.566" classname="module9.DDT"/>
  <testcase name="TestAUT" time="5.587" classname="module9.DDT"/>
  <testcase name="TestAUT" time="5.659" classname="module9.DDT"/>
  <testcase name="TestAUT" time="6.18" classname="module9.DDT"/>
  <testcase name="TestAUT" time="5.72" classname="module9.DDT"/>
  <testcase name="TestAUT" time="6.257" classname="module9.DDT"/>
</testsuite> <!-- Default test -->
