<?xml version="1.0" encoding="UTF-8"?>
<!-- Generated by org.testng.reporters.JUnitXMLReporter -->
<testsuite hostname="DESKTOP-TBQOJQQ" ignored="4" name="WebSiteTest" tests="5" failures="0" timestamp="08 Feb 2019 15:51:41 GMT" time="0.191" errors="0">
  <testcase name="TC2" time="0.03" classname="module6.Grouping"/>
  <testcase name="TC3" time="0.016" classname="module6.Grouping"/>
  <testcase name="TC5" time="0.005" classname="module6.Grouping"/>
  <testcase name="TC6" time="0.006" classname="module6.Grouping"/>
  <testcase name="TC8" time="0.005" classname="module6.Grouping"/>
  <testcase name="TC4" time="0.0" classname="module6.Grouping">
    <ignored/>
  </testcase> <!-- TC4 -->
  <testcase name="TC7" time="0.0" classname="module6.Grouping">
    <ignored/>
  </testcase> <!-- TC7 -->
  <testcase name="TC1" time="0.0" classname="module6.Grouping">
    <ignored/>
  </testcase> <!-- TC1 -->
  <testcase name="TC9" time="0.0" classname="module6.Grouping">
    <ignored/>
  </testcase> <!-- TC9 -->
</testsuite> <!-- WebSiteTest -->
