<?xml version="1.0" encoding="UTF-8"?>
<testng-results skipped="0" failed="0" ignored="0" total="2" passed="2">
  <reporter-output>
  </reporter-output>
  <suite name="Main Test Suite" duration-ms="18944" started-at="2019-02-11T15:46:42Z" finished-at="2019-02-11T15:47:01Z">
    <groups>
    </groups>
    <test name="TestNG Grid1" duration-ms="18829" started-at="2019-02-11T15:46:42Z" finished-at="2019-02-11T15:47:01Z">
      <class name="module7.GridExampleTest">
        <test-method status="PASS" signature="setUp()[pri:0, instance:module7.GridExampleTest@7b69c6ba]" name="setUp" is-config="true" duration-ms="7685" started-at="2019-02-11T15:46:42Z" finished-at="2019-02-11T15:46:50Z">
          <reporter-output>
          </reporter-output>
        </test-method> <!-- setUp -->
        <test-method status="PASS" signature="testGooglePageTitle()[pri:0, instance:module7.GridExampleTest@7b69c6ba]" name="testGooglePageTitle" duration-ms="9445" started-at="2019-02-11T15:46:50Z" finished-at="2019-02-11T15:46:59Z">
          <reporter-output>
          </reporter-output>
        </test-method> <!-- testGooglePageTitle -->
        <test-method status="PASS" signature="closeBrowser()[pri:0, instance:module7.GridExampleTest@7b69c6ba]" name="closeBrowser" is-config="true" duration-ms="1597" started-at="2019-02-11T15:46:59Z" finished-at="2019-02-11T15:47:01Z">
          <reporter-output>
          </reporter-output>
        </test-method> <!-- closeBrowser -->
      </class> <!-- module7.GridExampleTest -->
    </test> <!-- TestNG Grid1 -->
    <test name="TestNG Grid" duration-ms="18943" started-at="2019-02-11T15:46:42Z" finished-at="2019-02-11T15:47:01Z">
      <class name="module7.GridExampleTest">
        <test-method status="PASS" signature="setUp()[pri:0, instance:module7.GridExampleTest@36b4cef0]" name="setUp" is-config="true" duration-ms="7660" started-at="2019-02-11T15:46:42Z" finished-at="2019-02-11T15:46:50Z">
          <reporter-output>
          </reporter-output>
        </test-method> <!-- setUp -->
        <test-method status="PASS" signature="testGooglePageTitle()[pri:0, instance:module7.GridExampleTest@36b4cef0]" name="testGooglePageTitle" duration-ms="8860" started-at="2019-02-11T15:46:50Z" finished-at="2019-02-11T15:46:59Z">
          <reporter-output>
          </reporter-output>
        </test-method> <!-- testGooglePageTitle -->
        <test-method status="PASS" signature="closeBrowser()[pri:0, instance:module7.GridExampleTest@36b4cef0]" name="closeBrowser" is-config="true" duration-ms="2297" started-at="2019-02-11T15:46:59Z" finished-at="2019-02-11T15:47:01Z">
          <reporter-output>
          </reporter-output>
        </test-method> <!-- closeBrowser -->
      </class> <!-- module7.GridExampleTest -->
    </test> <!-- TestNG Grid -->
  </suite> <!-- Main Test Suite -->
</testng-results>
